<?xml version="1.0" encoding="UTF-8"?>
<testsuite name="com.polytechmtp.covidalert.CovidAlertApplicationTests" tests="1" skipped="0" failures="0" errors="0" timestamp="2020-11-10T08:49:55" hostname="clement-VirtualBox" time="0.021">
  <properties/>
  <testcase name="contextLoads()" classname="com.polytechmtp.covidalert.CovidAlertApplicationTests" time="0.021"/>
  <system-out><![CDATA[2020-11-10 09:49:55.125  INFO 37658 --- [    Test worker] .b.t.c.SpringBootTestContextBootstrapper : Neither @ContextConfiguration nor @ContextHierarchy found for test class [com.polytechmtp.covidalert.CovidAlertApplicationTests], using SpringBootContextLoader
2020-11-10 09:49:55.138  INFO 37658 --- [    Test worker] o.s.t.c.support.AbstractContextLoader    : Could not detect default resource locations for test class [com.polytechmtp.covidalert.CovidAlertApplicationTests]: no resource found for suffixes {-context.xml, Context.groovy}.
2020-11-10 09:49:55.139  INFO 37658 --- [    Test worker] t.c.s.AnnotationConfigContextLoaderUtils : Could not detect default configuration classes for test class [com.polytechmtp.covidalert.CovidAlertApplicationTests]: CovidAlertApplicationTests does not declare any static, non-private, non-final, nested classes annotated with @Configuration.
2020-11-10 09:49:55.163  INFO 37658 --- [    Test worker] .b.t.c.SpringBootTestContextBootstrapper : Found @SpringBootConfiguration com.polytechmtp.covidalert.CovidAlertApplication for test class com.polytechmtp.covidalert.CovidAlertApplicationTests
2020-11-10 09:49:55.177  INFO 37658 --- [    Test worker] .b.t.c.SpringBootTestContextBootstrapper : Loaded default TestExecutionListener class names from location [META-INF/spring.factories]: [org.springframework.boot.test.autoconfigure.restdocs.RestDocsTestExecutionListener, org.springframework.boot.test.autoconfigure.web.client.MockRestServiceServerResetTestExecutionListener, org.springframework.boot.test.autoconfigure.web.servlet.MockMvcPrintOnlyOnFailureTestExecutionListener, org.springframework.boot.test.autoconfigure.web.servlet.WebDriverTestExecutionListener, org.springframework.boot.test.autoconfigure.webservices.client.MockWebServiceServerTestExecutionListener, org.springframework.boot.test.mock.mockito.MockitoTestExecutionListener, org.springframework.boot.test.mock.mockito.ResetMocksTestExecutionListener, org.springframework.test.context.web.ServletTestExecutionListener, org.springframework.test.context.support.DirtiesContextBeforeModesTestExecutionListener, org.springframework.test.context.support.DependencyInjectionTestExecutionListener, org.springframework.test.context.support.DirtiesContextTestExecutionListener, org.springframework.test.context.transaction.TransactionalTestExecutionListener, org.springframework.test.context.jdbc.SqlScriptsTestExecutionListener, org.springframework.test.context.event.EventPublishingTestExecutionListener]
2020-11-10 09:49:55.178  INFO 37658 --- [    Test worker] .b.t.c.SpringBootTestContextBootstrapper : Using TestExecutionListeners: [org.springframework.test.context.web.ServletTestExecutionListener@32c24f02, org.springframework.test.context.support.DirtiesContextBeforeModesTestExecutionListener@8efb927, org.springframework.boot.test.mock.mockito.MockitoTestExecutionListener@23060be8, org.springframework.boot.test.autoconfigure.SpringBootDependencyInjectionTestExecutionListener@4b06f232, org.springframework.test.context.support.DirtiesContextTestExecutionListener@6b9c1e0f, org.springframework.test.context.transaction.TransactionalTestExecutionListener@1e4fb4da, org.springframework.test.context.jdbc.SqlScriptsTestExecutionListener@d05b5b0, org.springframework.test.context.event.EventPublishingTestExecutionListener@71ee5140, org.springframework.boot.test.autoconfigure.restdocs.RestDocsTestExecutionListener@7a094514, org.springframework.boot.test.autoconfigure.web.client.MockRestServiceServerResetTestExecutionListener@1903c7eb, org.springframework.boot.test.autoconfigure.web.servlet.MockMvcPrintOnlyOnFailureTestExecutionListener@390b494e, org.springframework.boot.test.autoconfigure.web.servlet.WebDriverTestExecutionListener@3aec7b7e, org.springframework.boot.test.autoconfigure.webservices.client.MockWebServiceServerTestExecutionListener@afda8d2, org.springframework.boot.test.mock.mockito.ResetMocksTestExecutionListener@d461af9]
]]></system-out>
  <system-err><![CDATA[]]></system-err>
</testsuite>
