<?xml version="1.0" encoding="UTF-8"?>
<testsuite name="com.polytechmtp.covidalert.CovidAlertApplicationTests" tests="1" skipped="0" failures="0" errors="0" timestamp="2020-11-10T09:34:45" hostname="clement-VirtualBox" time="0.009">
  <properties/>
  <testcase name="contextLoads()" classname="com.polytechmtp.covidalert.CovidAlertApplicationTests" time="0.009"/>
  <system-out><![CDATA[2020-11-10 10:34:45.185  INFO 39203 --- [    Test worker] .b.t.c.SpringBootTestContextBootstrapper : Neither @ContextConfiguration nor @ContextHierarchy found for test class [com.polytechmtp.covidalert.CovidAlertApplicationTests], using SpringBootContextLoader
2020-11-10 10:34:45.213  INFO 39203 --- [    Test worker] o.s.t.c.support.AbstractContextLoader    : Could not detect default resource locations for test class [com.polytechmtp.covidalert.CovidAlertApplicationTests]: no resource found for suffixes {-context.xml, Context.groovy}.
2020-11-10 10:34:45.214  INFO 39203 --- [    Test worker] t.c.s.AnnotationConfigContextLoaderUtils : Could not detect default configuration classes for test class [com.polytechmtp.covidalert.CovidAlertApplicationTests]: CovidAlertApplicationTests does not declare any static, non-private, non-final, nested classes annotated with @Configuration.
2020-11-10 10:34:45.216  INFO 39203 --- [    Test worker] .b.t.c.SpringBootTestContextBootstrapper : Found @SpringBootConfiguration com.polytechmtp.covidalert.CovidAlertApplication for test class com.polytechmtp.covidalert.CovidAlertApplicationTests
2020-11-10 10:34:45.221  INFO 39203 --- [    Test worker] .b.t.c.SpringBootTestContextBootstrapper : Loaded default TestExecutionListener class names from location [META-INF/spring.factories]: [org.springframework.boot.test.autoconfigure.restdocs.RestDocsTestExecutionListener, org.springframework.boot.test.autoconfigure.web.client.MockRestServiceServerResetTestExecutionListener, org.springframework.boot.test.autoconfigure.web.servlet.MockMvcPrintOnlyOnFailureTestExecutionListener, org.springframework.boot.test.autoconfigure.web.servlet.WebDriverTestExecutionListener, org.springframework.boot.test.autoconfigure.webservices.client.MockWebServiceServerTestExecutionListener, org.springframework.boot.test.mock.mockito.MockitoTestExecutionListener, org.springframework.boot.test.mock.mockito.ResetMocksTestExecutionListener, org.springframework.test.context.web.ServletTestExecutionListener, org.springframework.test.context.support.DirtiesContextBeforeModesTestExecutionListener, org.springframework.test.context.support.DependencyInjectionTestExecutionListener, org.springframework.test.context.support.DirtiesContextTestExecutionListener, org.springframework.test.context.transaction.TransactionalTestExecutionListener, org.springframework.test.context.jdbc.SqlScriptsTestExecutionListener, org.springframework.test.context.event.EventPublishingTestExecutionListener]
2020-11-10 10:34:45.222  INFO 39203 --- [    Test worker] .b.t.c.SpringBootTestContextBootstrapper : Using TestExecutionListeners: [org.springframework.test.context.web.ServletTestExecutionListener@7038d25f, org.springframework.test.context.support.DirtiesContextBeforeModesTestExecutionListener@6c91efe8, org.springframework.boot.test.mock.mockito.MockitoTestExecutionListener@1c0b293c, org.springframework.boot.test.autoconfigure.SpringBootDependencyInjectionTestExecutionListener@41d1bd1c, org.springframework.test.context.support.DirtiesContextTestExecutionListener@774d3553, org.springframework.test.context.transaction.TransactionalTestExecutionListener@14c07afd, org.springframework.test.context.jdbc.SqlScriptsTestExecutionListener@5147f390, org.springframework.test.context.event.EventPublishingTestExecutionListener@1db28df9, org.springframework.boot.test.autoconfigure.restdocs.RestDocsTestExecutionListener@34bc4b1, org.springframework.boot.test.autoconfigure.web.client.MockRestServiceServerResetTestExecutionListener@144b41b7, org.springframework.boot.test.autoconfigure.web.servlet.MockMvcPrintOnlyOnFailureTestExecutionListener@7a7eebdd, org.springframework.boot.test.autoconfigure.web.servlet.WebDriverTestExecutionListener@732a6c2e, org.springframework.boot.test.autoconfigure.webservices.client.MockWebServiceServerTestExecutionListener@2e1940b6, org.springframework.boot.test.mock.mockito.ResetMocksTestExecutionListener@6011fa3b]
]]></system-out>
  <system-err><![CDATA[]]></system-err>
</testsuite>
