<?xml version="1.0" encoding="UTF-8"?>
<testsuite name="com.polytechmtp.covidalert.CovidAlertApplicationTests" tests="1" skipped="0" failures="0" errors="0" timestamp="2020-11-18T14:03:51" hostname="f95d763c9dae" time="2.071">
  <properties/>
  <testcase name="contextLoads()" classname="com.polytechmtp.covidalert.CovidAlertApplicationTests" time="2.071"/>
  <system-out><![CDATA[15:03:07.567 [Test worker] DEBUG org.springframework.test.context.BootstrapUtils - Instantiating CacheAwareContextLoaderDelegate from class [org.springframework.test.context.cache.DefaultCacheAwareContextLoaderDelegate]
15:03:07.581 [Test worker] DEBUG org.springframework.test.context.BootstrapUtils - Instantiating BootstrapContext using constructor [public org.springframework.test.context.support.DefaultBootstrapContext(java.lang.Class,org.springframework.test.context.CacheAwareContextLoaderDelegate)]
15:03:07.615 [Test worker] DEBUG org.springframework.test.context.BootstrapUtils - Instantiating TestContextBootstrapper for test class [com.polytechmtp.covidalert.LocationsTests] from class [org.springframework.boot.test.context.SpringBootTestContextBootstrapper]
15:03:07.633 [Test worker] INFO org.springframework.boot.test.context.SpringBootTestContextBootstrapper - Neither @ContextConfiguration nor @ContextHierarchy found for test class [com.polytechmtp.covidalert.LocationsTests], using SpringBootContextLoader
15:03:07.639 [Test worker] DEBUG org.springframework.test.context.support.AbstractContextLoader - Did not detect default resource location for test class [com.polytechmtp.covidalert.LocationsTests]: class path resource [com/polytechmtp/covidalert/LocationsTests-context.xml] does not exist
15:03:07.641 [Test worker] DEBUG org.springframework.test.context.support.AbstractContextLoader - Did not detect default resource location for test class [com.polytechmtp.covidalert.LocationsTests]: class path resource [com/polytechmtp/covidalert/LocationsTestsContext.groovy] does not exist
15:03:07.641 [Test worker] INFO org.springframework.test.context.support.AbstractContextLoader - Could not detect default resource locations for test class [com.polytechmtp.covidalert.LocationsTests]: no resource found for suffixes {-context.xml, Context.groovy}.
15:03:07.642 [Test worker] INFO org.springframework.test.context.support.AnnotationConfigContextLoaderUtils - Could not detect default configuration classes for test class [com.polytechmtp.covidalert.LocationsTests]: LocationsTests does not declare any static, non-private, non-final, nested classes annotated with @Configuration.
15:03:07.709 [Test worker] DEBUG org.springframework.test.context.support.ActiveProfilesUtils - Could not find an 'annotation declaring class' for annotation type [org.springframework.test.context.ActiveProfiles] and class [com.polytechmtp.covidalert.LocationsTests]
15:03:07.816 [Test worker] DEBUG org.springframework.context.annotation.ClassPathScanningCandidateComponentProvider - Identified candidate component class: file [/Users/lucadebeir/Documents/GitHub/covid_alert/build/classes/java/main/com/polytechmtp/covidalert/CovidAlertApplication.class]
15:03:07.817 [Test worker] INFO org.springframework.boot.test.context.SpringBootTestContextBootstrapper - Found @SpringBootConfiguration com.polytechmtp.covidalert.CovidAlertApplication for test class com.polytechmtp.covidalert.LocationsTests
15:03:07.967 [Test worker] DEBUG org.springframework.boot.test.context.SpringBootTestContextBootstrapper - @TestExecutionListeners is not present for class [com.polytechmtp.covidalert.LocationsTests]: using defaults.
15:03:07.968 [Test worker] INFO org.springframework.boot.test.context.SpringBootTestContextBootstrapper - Loaded default TestExecutionListener class names from location [META-INF/spring.factories]: [org.springframework.boot.test.autoconfigure.restdocs.RestDocsTestExecutionListener, org.springframework.boot.test.autoconfigure.web.client.MockRestServiceServerResetTestExecutionListener, org.springframework.boot.test.autoconfigure.web.servlet.MockMvcPrintOnlyOnFailureTestExecutionListener, org.springframework.boot.test.autoconfigure.web.servlet.WebDriverTestExecutionListener, org.springframework.boot.test.autoconfigure.webservices.client.MockWebServiceServerTestExecutionListener, org.springframework.boot.test.mock.mockito.MockitoTestExecutionListener, org.springframework.boot.test.mock.mockito.ResetMocksTestExecutionListener, org.springframework.test.context.web.ServletTestExecutionListener, org.springframework.test.context.support.DirtiesContextBeforeModesTestExecutionListener, org.springframework.test.context.support.DependencyInjectionTestExecutionListener, org.springframework.test.context.support.DirtiesContextTestExecutionListener, org.springframework.test.context.transaction.TransactionalTestExecutionListener, org.springframework.test.context.jdbc.SqlScriptsTestExecutionListener, org.springframework.test.context.event.EventPublishingTestExecutionListener]
15:03:07.994 [Test worker] INFO org.springframework.boot.test.context.SpringBootTestContextBootstrapper - Using TestExecutionListeners: [org.springframework.test.context.web.ServletTestExecutionListener@6ae1711f, org.springframework.test.context.support.DirtiesContextBeforeModesTestExecutionListener@2dfbaac3, org.springframework.boot.test.mock.mockito.MockitoTestExecutionListener@15395d02, org.springframework.boot.test.autoconfigure.SpringBootDependencyInjectionTestExecutionListener@378830b5, org.springframework.test.context.support.DirtiesContextTestExecutionListener@5600d6d2, org.springframework.test.context.transaction.TransactionalTestExecutionListener@26ddd363, org.springframework.test.context.jdbc.SqlScriptsTestExecutionListener@79535bf7, org.springframework.test.context.event.EventPublishingTestExecutionListener@f28d1f0, org.springframework.boot.test.autoconfigure.restdocs.RestDocsTestExecutionListener@5f4e3081, org.springframework.boot.test.autoconfigure.web.client.MockRestServiceServerResetTestExecutionListener@1740b6c0, org.springframework.boot.test.autoconfigure.web.servlet.MockMvcPrintOnlyOnFailureTestExecutionListener@74afdb3c, org.springframework.boot.test.autoconfigure.web.servlet.WebDriverTestExecutionListener@3dc12308, org.springframework.boot.test.autoconfigure.webservices.client.MockWebServiceServerTestExecutionListener@1325c609, org.springframework.boot.test.mock.mockito.ResetMocksTestExecutionListener@1c1941b]
15:03:08.000 [Test worker] DEBUG org.springframework.test.context.support.AbstractDirtiesContextTestExecutionListener - Before test class: context [DefaultTestContext@1f093419 testClass = LocationsTests, testInstance = [null], testMethod = [null], testException = [null], mergedContextConfiguration = [WebMergedContextConfiguration@1859c64a testClass = LocationsTests, locations = '{}', classes = '{class com.polytechmtp.covidalert.CovidAlertApplication}', contextInitializerClasses = '[]', activeProfiles = '{}', propertySourceLocations = '{}', propertySourceProperties = '{org.springframework.boot.test.context.SpringBootTestContextBootstrapper=true}', contextCustomizers = set[org.springframework.boot.test.autoconfigure.properties.PropertyMappingContextCustomizer@0, org.springframework.boot.test.autoconfigure.web.servlet.WebDriverContextCustomizerFactory$Customizer@11a8e1ae, org.springframework.boot.test.context.filter.ExcludeFilterContextCustomizer@616ace84, org.springframework.boot.test.json.DuplicateJsonObjectContextCustomizerFactory$DuplicateJsonObjectContextCustomizer@b4c6771, org.springframework.boot.test.mock.mockito.MockitoContextCustomizer@0, org.springframework.boot.test.web.client.TestRestTemplateContextCustomizer@1934b488, org.springframework.boot.test.context.SpringBootTestArgs@1], resourceBasePath = 'src/main/webapp', contextLoader = 'org.springframework.boot.test.context.SpringBootContextLoader', parent = [null]], attributes = map['org.springframework.test.context.web.ServletTestExecutionListener.activateListener' -> true]], class annotated with @DirtiesContext [false] with mode [null].
15:03:08.044 [Test worker] DEBUG org.springframework.test.context.support.TestPropertySourceUtils - Adding inlined properties to environment: {spring.jmx.enabled=false, org.springframework.boot.test.context.SpringBootTestContextBootstrapper=true}

  .   ____          _            __ _ _
 /\\ / ___'_ __ _ _(_)_ __  __ _ \ \ \ \
( ( )\___ | '_ | '_| | '_ \/ _` | \ \ \ \
 \\/  ___)| |_)| | | | | || (_| |  ) ) ) )
  '  |____| .__|_| |_|_| |_\__, | / / / /
 =========|_|==============|___/=/_/_/_/
 :: Spring Boot ::        (v2.3.4.RELEASE)

2020-11-18 15:03:08.492  INFO 27917 --- [    Test worker] c.polytechmtp.covidalert.LocationsTests  : Starting LocationsTests on macbook-pro.home with PID 27917 (started by lucadebeir in /Users/lucadebeir/Documents/GitHub/covid_alert)
2020-11-18 15:03:08.494  INFO 27917 --- [    Test worker] c.polytechmtp.covidalert.LocationsTests  : No active profile set, falling back to default profiles: default
2020-11-18 15:03:09.687  INFO 27917 --- [    Test worker] .s.d.r.c.RepositoryConfigurationDelegate : Bootstrapping Spring Data JPA repositories in DEFERRED mode.
2020-11-18 15:03:09.780  INFO 27917 --- [    Test worker] .s.d.r.c.RepositoryConfigurationDelegate : Finished Spring Data repository scanning in 81ms. Found 2 JPA repository interfaces.
2020-11-18 15:03:10.337  INFO 27917 --- [    Test worker] trationDelegate$BeanPostProcessorChecker : Bean 'org.springframework.security.access.expression.method.DefaultMethodSecurityExpressionHandler@39a22126' of type [org.springframework.security.access.expression.method.DefaultMethodSecurityExpressionHandler] is not eligible for getting processed by all BeanPostProcessors (for example: not eligible for auto-proxying)
2020-11-18 15:03:10.362  INFO 27917 --- [    Test worker] trationDelegate$BeanPostProcessorChecker : Bean 'methodSecurityMetadataSource' of type [org.springframework.security.access.method.DelegatingMethodSecurityMetadataSource] is not eligible for getting processed by all BeanPostProcessors (for example: not eligible for auto-proxying)
2020-11-18 15:03:10.647  INFO 27917 --- [    Test worker] o.s.s.concurrent.ThreadPoolTaskExecutor  : Initializing ExecutorService 'applicationTaskExecutor'
2020-11-18 15:03:10.717  INFO 27917 --- [         task-1] o.hibernate.jpa.internal.util.LogHelper  : HHH000204: Processing PersistenceUnitInfo [name: default]
2020-11-18 15:03:10.770  WARN 27917 --- [    Test worker] JpaBaseConfiguration$JpaWebConfiguration : spring.jpa.open-in-view is enabled by default. Therefore, database queries may be performed during view rendering. Explicitly configure spring.jpa.open-in-view to disable this warning
2020-11-18 15:03:10.781  INFO 27917 --- [         task-1] org.hibernate.Version                    : HHH000412: Hibernate ORM core version 5.4.21.Final
2020-11-18 15:03:10.977  INFO 27917 --- [         task-1] o.hibernate.annotations.common.Version   : HCANN000001: Hibernate Commons Annotations {5.1.0.Final}
2020-11-18 15:03:11.133  INFO 27917 --- [         task-1] com.zaxxer.hikari.HikariDataSource       : HikariPool-1 - Starting...
2020-11-18 15:03:11.866  INFO 27917 --- [    Test worker] o.s.s.web.DefaultSecurityFilterChain     : Creating filter chain: any request, [org.springframework.security.web.context.request.async.WebAsyncManagerIntegrationFilter@659ed07c, org.springframework.security.web.context.SecurityContextPersistenceFilter@193a860a, org.springframework.security.web.header.HeaderWriterFilter@406adc75, org.keycloak.adapters.springsecurity.filter.KeycloakPreAuthActionsFilter@b188627, org.keycloak.adapters.springsecurity.filter.KeycloakAuthenticationProcessingFilter@42c418e8, org.springframework.security.web.authentication.logout.LogoutFilter@242a5584, org.springframework.security.web.savedrequest.RequestCacheAwareFilter@120a3a70, org.springframework.security.web.servletapi.SecurityContextHolderAwareRequestFilter@16b932d0, org.keycloak.adapters.springsecurity.filter.KeycloakSecurityContextRequestFilter@755000cb, org.keycloak.adapters.springsecurity.filter.KeycloakAuthenticatedActionsFilter@17b145d1, org.springframework.security.web.authentication.AnonymousAuthenticationFilter@65e2705a, org.springframework.security.web.session.SessionManagementFilter@31d4bb0f, org.springframework.security.web.access.ExceptionTranslationFilter@760402d1, org.springframework.security.web.access.intercept.FilterSecurityInterceptor@115583a3]
2020-11-18 15:03:11.928  INFO 27917 --- [    Test worker] pertySourcedRequestMappingHandlerMapping : Mapped URL path [/v2/api-docs] onto method [springfox.documentation.swagger2.web.Swagger2Controller#getDocumentation(String, HttpServletRequest)]
2020-11-18 15:03:12.207 ERROR 27917 --- [         task-1] com.zaxxer.hikari.pool.HikariPool        : HikariPool-1 - Exception during pool initialization.

org.postgresql.util.PSQLException: La tentative de connexion a échoué.
	at org.postgresql.core.v3.ConnectionFactoryImpl.openConnectionImpl(ConnectionFactoryImpl.java:315) ~[postgresql-42.2.16.jar:42.2.16]
	at org.postgresql.core.ConnectionFactory.openConnection(ConnectionFactory.java:51) ~[postgresql-42.2.16.jar:42.2.16]
	at org.postgresql.jdbc.PgConnection.<init>(PgConnection.java:225) ~[postgresql-42.2.16.jar:42.2.16]
	at org.postgresql.Driver.makeConnection(Driver.java:465) ~[postgresql-42.2.16.jar:42.2.16]
	at org.postgresql.Driver.connect(Driver.java:264) ~[postgresql-42.2.16.jar:42.2.16]
	at com.zaxxer.hikari.util.DriverDataSource.getConnection(DriverDataSource.java:138) ~[HikariCP-3.4.5.jar:na]
	at com.zaxxer.hikari.pool.PoolBase.newConnection(PoolBase.java:358) ~[HikariCP-3.4.5.jar:na]
	at com.zaxxer.hikari.pool.PoolBase.newPoolEntry(PoolBase.java:206) ~[HikariCP-3.4.5.jar:na]
	at com.zaxxer.hikari.pool.HikariPool.createPoolEntry(HikariPool.java:477) ~[HikariCP-3.4.5.jar:na]
	at com.zaxxer.hikari.pool.HikariPool.checkFailFast(HikariPool.java:560) ~[HikariCP-3.4.5.jar:na]
	at com.zaxxer.hikari.pool.HikariPool.<init>(HikariPool.java:115) ~[HikariCP-3.4.5.jar:na]
	at com.zaxxer.hikari.HikariDataSource.getConnection(HikariDataSource.java:112) ~[HikariCP-3.4.5.jar:na]
	at org.hibernate.engine.jdbc.connections.internal.DatasourceConnectionProviderImpl.getConnection(DatasourceConnectionProviderImpl.java:122) ~[hibernate-core-5.4.21.Final.jar:5.4.21.Final]
	at org.hibernate.engine.jdbc.env.internal.JdbcEnvironmentInitiator$ConnectionProviderJdbcConnectionAccess.obtainConnection(JdbcEnvironmentInitiator.java:180) ~[hibernate-core-5.4.21.Final.jar:5.4.21.Final]
	at org.hibernate.engine.jdbc.env.internal.JdbcEnvironmentInitiator.initiateService(JdbcEnvironmentInitiator.java:68) ~[hibernate-core-5.4.21.Final.jar:5.4.21.Final]
	at org.hibernate.engine.jdbc.env.internal.JdbcEnvironmentInitiator.initiateService(JdbcEnvironmentInitiator.java:35) ~[hibernate-core-5.4.21.Final.jar:5.4.21.Final]
	at org.hibernate.boot.registry.internal.StandardServiceRegistryImpl.initiateService(StandardServiceRegistryImpl.java:101) ~[hibernate-core-5.4.21.Final.jar:5.4.21.Final]
	at org.hibernate.service.internal.AbstractServiceRegistryImpl.createService(AbstractServiceRegistryImpl.java:263) ~[hibernate-core-5.4.21.Final.jar:5.4.21.Final]
]]></system-out>
  <system-err><![CDATA[]]></system-err>
</testsuite>
