<?xml version="1.0" encoding="UTF-8"?>
<testsuite name="com.polytechmtp.covidalert.CovidAlertApplicationTests" tests="1" skipped="0" failures="0" errors="0" timestamp="2020-10-27T08:56:26" hostname="b6f14fc63468" time="0.122">
  <properties/>
  <testcase name="contextLoads()" classname="com.polytechmtp.covidalert.CovidAlertApplicationTests" time="0.122"/>
  <system-out><![CDATA[08:56:16.176 [Test worker] DEBUG org.springframework.test.context.BootstrapUtils - Instantiating CacheAwareContextLoaderDelegate from class [org.springframework.test.context.cache.DefaultCacheAwareContextLoaderDelegate]
08:56:16.213 [Test worker] DEBUG org.springframework.test.context.BootstrapUtils - Instantiating BootstrapContext using constructor [public org.springframework.test.context.support.DefaultBootstrapContext(java.lang.Class,org.springframework.test.context.CacheAwareContextLoaderDelegate)]
08:56:16.267 [Test worker] DEBUG org.springframework.test.context.BootstrapUtils - Instantiating TestContextBootstrapper for test class [com.polytechmtp.covidalert.CovidAlertApplicationTests] from class [org.springframework.boot.test.context.SpringBootTestContextBootstrapper]
08:56:16.289 [Test worker] INFO org.springframework.boot.test.context.SpringBootTestContextBootstrapper - Neither @ContextConfiguration nor @ContextHierarchy found for test class [com.polytechmtp.covidalert.CovidAlertApplicationTests], using SpringBootContextLoader
08:56:16.297 [Test worker] DEBUG org.springframework.test.context.support.AbstractContextLoader - Did not detect default resource location for test class [com.polytechmtp.covidalert.CovidAlertApplicationTests]: class path resource [com/polytechmtp/covidalert/CovidAlertApplicationTests-context.xml] does not exist
08:56:16.297 [Test worker] DEBUG org.springframework.test.context.support.AbstractContextLoader - Did not detect default resource location for test class [com.polytechmtp.covidalert.CovidAlertApplicationTests]: class path resource [com/polytechmtp/covidalert/CovidAlertApplicationTestsContext.groovy] does not exist
08:56:16.298 [Test worker] INFO org.springframework.test.context.support.AbstractContextLoader - Could not detect default resource locations for test class [com.polytechmtp.covidalert.CovidAlertApplicationTests]: no resource found for suffixes {-context.xml, Context.groovy}.
08:56:16.302 [Test worker] INFO org.springframework.test.context.support.AnnotationConfigContextLoaderUtils - Could not detect default configuration classes for test class [com.polytechmtp.covidalert.CovidAlertApplicationTests]: CovidAlertApplicationTests does not declare any static, non-private, non-final, nested classes annotated with @Configuration.
08:56:16.411 [Test worker] DEBUG org.springframework.test.context.support.ActiveProfilesUtils - Could not find an 'annotation declaring class' for annotation type [org.springframework.test.context.ActiveProfiles] and class [com.polytechmtp.covidalert.CovidAlertApplicationTests]
08:56:16.514 [Test worker] DEBUG org.springframework.context.annotation.ClassPathScanningCandidateComponentProvider - Identified candidate component class: file [/home/gradle/project/build/classes/java/main/com/polytechmtp/covidalert/CovidAlertApplication.class]
08:56:16.518 [Test worker] INFO org.springframework.boot.test.context.SpringBootTestContextBootstrapper - Found @SpringBootConfiguration com.polytechmtp.covidalert.CovidAlertApplication for test class com.polytechmtp.covidalert.CovidAlertApplicationTests
08:56:16.696 [Test worker] DEBUG org.springframework.boot.test.context.SpringBootTestContextBootstrapper - @TestExecutionListeners is not present for class [com.polytechmtp.covidalert.CovidAlertApplicationTests]: using defaults.
08:56:16.697 [Test worker] INFO org.springframework.boot.test.context.SpringBootTestContextBootstrapper - Loaded default TestExecutionListener class names from location [META-INF/spring.factories]: [org.springframework.boot.test.autoconfigure.restdocs.RestDocsTestExecutionListener, org.springframework.boot.test.autoconfigure.web.client.MockRestServiceServerResetTestExecutionListener, org.springframework.boot.test.autoconfigure.web.servlet.MockMvcPrintOnlyOnFailureTestExecutionListener, org.springframework.boot.test.autoconfigure.web.servlet.WebDriverTestExecutionListener, org.springframework.boot.test.autoconfigure.webservices.client.MockWebServiceServerTestExecutionListener, org.springframework.boot.test.mock.mockito.MockitoTestExecutionListener, org.springframework.boot.test.mock.mockito.ResetMocksTestExecutionListener, org.springframework.test.context.web.ServletTestExecutionListener, org.springframework.test.context.support.DirtiesContextBeforeModesTestExecutionListener, org.springframework.test.context.support.DependencyInjectionTestExecutionListener, org.springframework.test.context.support.DirtiesContextTestExecutionListener, org.springframework.test.context.transaction.TransactionalTestExecutionListener, org.springframework.test.context.jdbc.SqlScriptsTestExecutionListener, org.springframework.test.context.event.EventPublishingTestExecutionListener]
08:56:16.723 [Test worker] INFO org.springframework.boot.test.context.SpringBootTestContextBootstrapper - Using TestExecutionListeners: [org.springframework.test.context.web.ServletTestExecutionListener@2940027a, org.springframework.test.context.support.DirtiesContextBeforeModesTestExecutionListener@46a25131, org.springframework.boot.test.mock.mockito.MockitoTestExecutionListener@78de7d40, org.springframework.boot.test.autoconfigure.SpringBootDependencyInjectionTestExecutionListener@4a61f13f, org.springframework.test.context.support.DirtiesContextTestExecutionListener@639b69db, org.springframework.test.context.transaction.TransactionalTestExecutionListener@37649740, org.springframework.test.context.jdbc.SqlScriptsTestExecutionListener@3c5bc891, org.springframework.test.context.event.EventPublishingTestExecutionListener@79763e2c, org.springframework.boot.test.autoconfigure.restdocs.RestDocsTestExecutionListener@411b5568, org.springframework.boot.test.autoconfigure.web.client.MockRestServiceServerResetTestExecutionListener@5256049c, org.springframework.boot.test.autoconfigure.web.servlet.MockMvcPrintOnlyOnFailureTestExecutionListener@302b5107, org.springframework.boot.test.autoconfigure.web.servlet.WebDriverTestExecutionListener@78648e70, org.springframework.boot.test.autoconfigure.webservices.client.MockWebServiceServerTestExecutionListener@63cf3401, org.springframework.boot.test.mock.mockito.ResetMocksTestExecutionListener@15fbe00]
08:56:16.733 [Test worker] DEBUG org.springframework.test.context.support.AbstractDirtiesContextTestExecutionListener - Before test class: context [DefaultTestContext@b354f94 testClass = CovidAlertApplicationTests, testInstance = [null], testMethod = [null], testException = [null], mergedContextConfiguration = [WebMergedContextConfiguration@6c064cb2 testClass = CovidAlertApplicationTests, locations = '{}', classes = '{class com.polytechmtp.covidalert.CovidAlertApplication}', contextInitializerClasses = '[]', activeProfiles = '{}', propertySourceLocations = '{}', propertySourceProperties = '{org.springframework.boot.test.context.SpringBootTestContextBootstrapper=true}', contextCustomizers = set[org.springframework.boot.test.autoconfigure.properties.PropertyMappingContextCustomizer@0, org.springframework.boot.test.autoconfigure.web.servlet.WebDriverContextCustomizerFactory$Customizer@6d720114, org.springframework.boot.test.context.filter.ExcludeFilterContextCustomizer@14e8f0ea, org.springframework.boot.test.json.DuplicateJsonObjectContextCustomizerFactory$DuplicateJsonObjectContextCustomizer@2f0fdb13, org.springframework.boot.test.mock.mockito.MockitoContextCustomizer@0, org.springframework.boot.test.web.client.TestRestTemplateContextCustomizer@15ecc560, org.springframework.boot.test.context.SpringBootTestArgs@1], resourceBasePath = 'src/main/webapp', contextLoader = 'org.springframework.boot.test.context.SpringBootContextLoader', parent = [null]], attributes = map['org.springframework.test.context.web.ServletTestExecutionListener.activateListener' -> true]], class annotated with @DirtiesContext [false] with mode [null].
08:56:16.810 [Test worker] DEBUG org.springframework.test.context.support.TestPropertySourceUtils - Adding inlined properties to environment: {spring.jmx.enabled=false, org.springframework.boot.test.context.SpringBootTestContextBootstrapper=true}

  .   ____          _            __ _ _
 /\\ / ___'_ __ _ _(_)_ __  __ _ \ \ \ \
( ( )\___ | '_ | '_| | '_ \/ _` | \ \ \ \
 \\/  ___)| |_)| | | | | || (_| |  ) ) ) )
  '  |____| .__|_| |_|_| |_\__, | / / / /
 =========|_|==============|___/=/_/_/_/
 :: Spring Boot ::        (v2.3.4.RELEASE)

2020-10-27 08:56:17.828  INFO 312 --- [    Test worker] c.p.c.CovidAlertApplicationTests         : Starting CovidAlertApplicationTests on b6f14fc63468 with PID 312 (started by root in /home/gradle/project)
2020-10-27 08:56:17.837  INFO 312 --- [    Test worker] c.p.c.CovidAlertApplicationTests         : No active profile set, falling back to default profiles: default
2020-10-27 08:56:20.223  INFO 312 --- [    Test worker] .s.d.r.c.RepositoryConfigurationDelegate : Bootstrapping Spring Data JPA repositories in DEFERRED mode.
2020-10-27 08:56:20.396  INFO 312 --- [    Test worker] .s.d.r.c.RepositoryConfigurationDelegate : Finished Spring Data repository scanning in 133ms. Found 2 JPA repository interfaces.
2020-10-27 08:56:21.369  INFO 312 --- [    Test worker] trationDelegate$BeanPostProcessorChecker : Bean 'org.springframework.security.access.expression.method.DefaultMethodSecurityExpressionHandler@9f530cf' of type [org.springframework.security.access.expression.method.DefaultMethodSecurityExpressionHandler] is not eligible for getting processed by all BeanPostProcessors (for example: not eligible for auto-proxying)
2020-10-27 08:56:21.441  INFO 312 --- [    Test worker] trationDelegate$BeanPostProcessorChecker : Bean 'methodSecurityMetadataSource' of type [org.springframework.security.access.method.DelegatingMethodSecurityMetadataSource] is not eligible for getting processed by all BeanPostProcessors (for example: not eligible for auto-proxying)
2020-10-27 08:56:22.085  INFO 312 --- [    Test worker] o.s.s.concurrent.ThreadPoolTaskExecutor  : Initializing ExecutorService 'applicationTaskExecutor'
2020-10-27 08:56:22.216  INFO 312 --- [         task-1] o.hibernate.jpa.internal.util.LogHelper  : HHH000204: Processing PersistenceUnitInfo [name: default]
2020-10-27 08:56:22.419  INFO 312 --- [         task-1] org.hibernate.Version                    : HHH000412: Hibernate ORM core version 5.4.21.Final
2020-10-27 08:56:22.570  WARN 312 --- [    Test worker] JpaBaseConfiguration$JpaWebConfiguration : spring.jpa.open-in-view is enabled by default. Therefore, database queries may be performed during view rendering. Explicitly configure spring.jpa.open-in-view to disable this warning
2020-10-27 08:56:22.751  INFO 312 --- [         task-1] o.hibernate.annotations.common.Version   : HCANN000001: Hibernate Commons Annotations {5.1.0.Final}
2020-10-27 08:56:23.094  INFO 312 --- [         task-1] com.zaxxer.hikari.HikariDataSource       : HikariPool-1 - Starting...
2020-10-27 08:56:23.450  INFO 312 --- [         task-1] com.zaxxer.hikari.HikariDataSource       : HikariPool-1 - Start completed.
2020-10-27 08:56:23.526  INFO 312 --- [         task-1] org.hibernate.dialect.Dialect            : HHH000400: Using dialect: org.hibernate.dialect.PostgreSQLDialect
2020-10-27 08:56:25.163  INFO 312 --- [    Test worker] o.s.s.web.DefaultSecurityFilterChain     : Creating filter chain: any request, [org.springframework.security.web.context.request.async.WebAsyncManagerIntegrationFilter@36cd2fb, org.springframework.security.web.context.SecurityContextPersistenceFilter@7d1ee08e, org.springframework.security.web.header.HeaderWriterFilter@2431674b, org.keycloak.adapters.springsecurity.filter.KeycloakPreAuthActionsFilter@29721b7c, org.keycloak.adapters.springsecurity.filter.KeycloakAuthenticationProcessingFilter@63909d1f, org.springframework.security.web.authentication.logout.LogoutFilter@9a33e58, org.springframework.security.web.savedrequest.RequestCacheAwareFilter@3286582d, org.springframework.security.web.servletapi.SecurityContextHolderAwareRequestFilter@1431e056, org.keycloak.adapters.springsecurity.filter.KeycloakSecurityContextRequestFilter@5b8adf9c, org.keycloak.adapters.springsecurity.filter.KeycloakAuthenticatedActionsFilter@3c15d997, org.springframework.security.web.authentication.AnonymousAuthenticationFilter@1c1a91c3, org.springframework.security.web.session.SessionManagementFilter@c3c0fbc, org.springframework.security.web.access.ExceptionTranslationFilter@2de468b5, org.springframework.security.web.access.intercept.FilterSecurityInterceptor@24fd38f7]
2020-10-27 08:56:25.178  INFO 312 --- [         task-1] o.h.e.t.j.p.i.JtaPlatformInitiator       : HHH000490: Using JtaPlatform implementation: [org.hibernate.engine.transaction.jta.platform.internal.NoJtaPlatform]
2020-10-27 08:56:25.191  INFO 312 --- [         task-1] j.LocalContainerEntityManagerFactoryBean : Initialized JPA EntityManagerFactory for persistence unit 'default'
2020-10-27 08:56:25.286  INFO 312 --- [    Test worker] pertySourcedRequestMappingHandlerMapping : Mapped URL path [/v2/api-docs] onto method [springfox.documentation.swagger2.web.Swagger2Controller#getDocumentation(String, HttpServletRequest)]
2020-10-27 08:56:26.201  INFO 312 --- [    Test worker] d.s.w.p.DocumentationPluginsBootstrapper : Context refreshed
2020-10-27 08:56:26.233  INFO 312 --- [    Test worker] d.s.w.p.DocumentationPluginsBootstrapper : Found 1 custom documentation plugin(s)
2020-10-27 08:56:26.281  INFO 312 --- [    Test worker] s.d.s.w.s.ApiListingReferenceScanner     : Scanning for api listing references
2020-10-27 08:56:26.493  INFO 312 --- [    Test worker] .d.s.w.r.o.CachingOperationNameGenerator : Generating unique operation named: getUsingGET_1
2020-10-27 08:56:26.534  INFO 312 --- [    Test worker] .d.s.w.r.o.CachingOperationNameGenerator : Generating unique operation named: createUsingPOST_1
2020-10-27 08:56:26.536  INFO 312 --- [    Test worker] .d.s.w.r.o.CachingOperationNameGenerator : Generating unique operation named: deleteUsingDELETE_1
2020-10-27 08:56:26.542  INFO 312 --- [    Test worker] .d.s.w.r.o.CachingOperationNameGenerator : Generating unique operation named: getUsingGET_2
2020-10-27 08:56:26.544  INFO 312 --- [    Test worker] .d.s.w.r.o.CachingOperationNameGenerator : Generating unique operation named: listUsingGET_1
2020-10-27 08:56:26.551  INFO 312 --- [    Test worker] .d.s.w.r.o.CachingOperationNameGenerator : Generating unique operation named: updateUsingPUT_1
2020-10-27 08:56:26.569  INFO 312 --- [    Test worker] DeferredRepositoryInitializationListener : Triggering deferred initialization of Spring Data repositories…
2020-10-27 08:56:26.951  INFO 312 --- [    Test worker] DeferredRepositoryInitializationListener : Spring Data repositories initialized!
2020-10-27 08:56:26.969  INFO 312 --- [    Test worker] c.p.c.CovidAlertApplicationTests         : Started CovidAlertApplicationTests in 10.14 seconds (JVM running for 13.555)
]]></system-out>
  <system-err><![CDATA[]]></system-err>
</testsuite>
