<?xml version="1.0" encoding="UTF-8"?>
<testsuite name="com.polytechmtp.covidalert.CovidAlertApplicationTests" tests="1" skipped="0" failures="0" errors="0" timestamp="2020-10-28T13:08:01" hostname="clement-VirtualBox" time="0.011">
  <properties/>
  <testcase name="contextLoads()" classname="com.polytechmtp.covidalert.CovidAlertApplicationTests" time="0.011"/>
  <system-out><![CDATA[2020-10-28 14:08:01.812  INFO 21779 --- [    Test worker] .b.t.c.SpringBootTestContextBootstrapper : Neither @ContextConfiguration nor @ContextHierarchy found for test class [com.polytechmtp.covidalert.CovidAlertApplicationTests], using SpringBootContextLoader
2020-10-28 14:08:01.813  INFO 21779 --- [    Test worker] o.s.t.c.support.AbstractContextLoader    : Could not detect default resource locations for test class [com.polytechmtp.covidalert.CovidAlertApplicationTests]: no resource found for suffixes {-context.xml, Context.groovy}.
2020-10-28 14:08:01.814  INFO 21779 --- [    Test worker] t.c.s.AnnotationConfigContextLoaderUtils : Could not detect default configuration classes for test class [com.polytechmtp.covidalert.CovidAlertApplicationTests]: CovidAlertApplicationTests does not declare any static, non-private, non-final, nested classes annotated with @Configuration.
2020-10-28 14:08:01.817  INFO 21779 --- [    Test worker] .b.t.c.SpringBootTestContextBootstrapper : Found @SpringBootConfiguration com.polytechmtp.covidalert.CovidAlertApplication for test class com.polytechmtp.covidalert.CovidAlertApplicationTests
2020-10-28 14:08:01.820  INFO 21779 --- [    Test worker] .b.t.c.SpringBootTestContextBootstrapper : Loaded default TestExecutionListener class names from location [META-INF/spring.factories]: [org.springframework.boot.test.autoconfigure.restdocs.RestDocsTestExecutionListener, org.springframework.boot.test.autoconfigure.web.client.MockRestServiceServerResetTestExecutionListener, org.springframework.boot.test.autoconfigure.web.servlet.MockMvcPrintOnlyOnFailureTestExecutionListener, org.springframework.boot.test.autoconfigure.web.servlet.WebDriverTestExecutionListener, org.springframework.boot.test.autoconfigure.webservices.client.MockWebServiceServerTestExecutionListener, org.springframework.boot.test.mock.mockito.MockitoTestExecutionListener, org.springframework.boot.test.mock.mockito.ResetMocksTestExecutionListener, org.springframework.test.context.web.ServletTestExecutionListener, org.springframework.test.context.support.DirtiesContextBeforeModesTestExecutionListener, org.springframework.test.context.support.DependencyInjectionTestExecutionListener, org.springframework.test.context.support.DirtiesContextTestExecutionListener, org.springframework.test.context.transaction.TransactionalTestExecutionListener, org.springframework.test.context.jdbc.SqlScriptsTestExecutionListener, org.springframework.test.context.event.EventPublishingTestExecutionListener]
2020-10-28 14:08:01.821  INFO 21779 --- [    Test worker] .b.t.c.SpringBootTestContextBootstrapper : Using TestExecutionListeners: [org.springframework.test.context.web.ServletTestExecutionListener@2df1ed20, org.springframework.test.context.support.DirtiesContextBeforeModesTestExecutionListener@295f98c0, org.springframework.boot.test.mock.mockito.MockitoTestExecutionListener@59770be3, org.springframework.boot.test.autoconfigure.SpringBootDependencyInjectionTestExecutionListener@652b67c3, org.springframework.test.context.support.DirtiesContextTestExecutionListener@47910eab, org.springframework.test.context.transaction.TransactionalTestExecutionListener@12dd1701, org.springframework.test.context.jdbc.SqlScriptsTestExecutionListener@73142eaa, org.springframework.test.context.event.EventPublishingTestExecutionListener@4dbf5a74, org.springframework.boot.test.autoconfigure.restdocs.RestDocsTestExecutionListener@214e13e, org.springframework.boot.test.autoconfigure.web.client.MockRestServiceServerResetTestExecutionListener@788b9b62, org.springframework.boot.test.autoconfigure.web.servlet.MockMvcPrintOnlyOnFailureTestExecutionListener@2ab89ba7, org.springframework.boot.test.autoconfigure.web.servlet.WebDriverTestExecutionListener@1d63187e, org.springframework.boot.test.autoconfigure.webservices.client.MockWebServiceServerTestExecutionListener@38db17fd, org.springframework.boot.test.mock.mockito.ResetMocksTestExecutionListener@1c2fdb0f]
]]></system-out>
  <system-err><![CDATA[]]></system-err>
</testsuite>
