<?xml version="1.0" encoding="UTF-8"?>
<testsuite name="com.polytechmtp.covidalert.CovidAlertApplicationTests" tests="1" skipped="0" failures="0" errors="0" timestamp="2020-10-28T13:27:58" hostname="clement-VirtualBox" time="0.057">
  <properties/>
  <testcase name="contextLoads()" classname="com.polytechmtp.covidalert.CovidAlertApplicationTests" time="0.057"/>
  <system-out><![CDATA[2020-10-28 14:27:58.039  INFO 4240 --- [    Test worker] .b.t.c.SpringBootTestContextBootstrapper : Neither @ContextConfiguration nor @ContextHierarchy found for test class [com.polytechmtp.covidalert.CovidAlertApplicationTests], using SpringBootContextLoader
2020-10-28 14:27:58.040  INFO 4240 --- [    Test worker] o.s.t.c.support.AbstractContextLoader    : Could not detect default resource locations for test class [com.polytechmtp.covidalert.CovidAlertApplicationTests]: no resource found for suffixes {-context.xml, Context.groovy}.
2020-10-28 14:27:58.041  INFO 4240 --- [    Test worker] t.c.s.AnnotationConfigContextLoaderUtils : Could not detect default configuration classes for test class [com.polytechmtp.covidalert.CovidAlertApplicationTests]: CovidAlertApplicationTests does not declare any static, non-private, non-final, nested classes annotated with @Configuration.
2020-10-28 14:27:58.043  INFO 4240 --- [    Test worker] .b.t.c.SpringBootTestContextBootstrapper : Found @SpringBootConfiguration com.polytechmtp.covidalert.CovidAlertApplication for test class com.polytechmtp.covidalert.CovidAlertApplicationTests
2020-10-28 14:27:58.170  INFO 4240 --- [    Test worker] .b.t.c.SpringBootTestContextBootstrapper : Loaded default TestExecutionListener class names from location [META-INF/spring.factories]: [org.springframework.boot.test.autoconfigure.restdocs.RestDocsTestExecutionListener, org.springframework.boot.test.autoconfigure.web.client.MockRestServiceServerResetTestExecutionListener, org.springframework.boot.test.autoconfigure.web.servlet.MockMvcPrintOnlyOnFailureTestExecutionListener, org.springframework.boot.test.autoconfigure.web.servlet.WebDriverTestExecutionListener, org.springframework.boot.test.autoconfigure.webservices.client.MockWebServiceServerTestExecutionListener, org.springframework.boot.test.mock.mockito.MockitoTestExecutionListener, org.springframework.boot.test.mock.mockito.ResetMocksTestExecutionListener, org.springframework.test.context.web.ServletTestExecutionListener, org.springframework.test.context.support.DirtiesContextBeforeModesTestExecutionListener, org.springframework.test.context.support.DependencyInjectionTestExecutionListener, org.springframework.test.context.support.DirtiesContextTestExecutionListener, org.springframework.test.context.transaction.TransactionalTestExecutionListener, org.springframework.test.context.jdbc.SqlScriptsTestExecutionListener, org.springframework.test.context.event.EventPublishingTestExecutionListener]
2020-10-28 14:27:58.173  INFO 4240 --- [    Test worker] .b.t.c.SpringBootTestContextBootstrapper : Using TestExecutionListeners: [org.springframework.test.context.web.ServletTestExecutionListener@15b2bff7, org.springframework.test.context.support.DirtiesContextBeforeModesTestExecutionListener@13431b66, org.springframework.boot.test.mock.mockito.MockitoTestExecutionListener@75357e59, org.springframework.boot.test.autoconfigure.SpringBootDependencyInjectionTestExecutionListener@66c3497f, org.springframework.test.context.support.DirtiesContextTestExecutionListener@668e1f57, org.springframework.test.context.transaction.TransactionalTestExecutionListener@6d9db0cb, org.springframework.test.context.jdbc.SqlScriptsTestExecutionListener@3304cc97, org.springframework.test.context.event.EventPublishingTestExecutionListener@4f70f339, org.springframework.boot.test.autoconfigure.restdocs.RestDocsTestExecutionListener@59923927, org.springframework.boot.test.autoconfigure.web.client.MockRestServiceServerResetTestExecutionListener@5909c136, org.springframework.boot.test.autoconfigure.web.servlet.MockMvcPrintOnlyOnFailureTestExecutionListener@4c7ccef4, org.springframework.boot.test.autoconfigure.web.servlet.WebDriverTestExecutionListener@4dd0579, org.springframework.boot.test.autoconfigure.webservices.client.MockWebServiceServerTestExecutionListener@4c4e4fc4, org.springframework.boot.test.mock.mockito.ResetMocksTestExecutionListener@5bd9370a]
]]></system-out>
  <system-err><![CDATA[]]></system-err>
</testsuite>
